app-receiver/build/intermediates/manifest_merge_blame_file/debug/manifest-merger-blame-debug-report.txt
1<?xml version="1.0" encoding="utf-8"?>
2<manifest xmlns:android="http://schemas.android.com/apk/res/android"
3    package="shubham.receiver"
4    android:versionCode="1010210"
5    android:versionName="001.01.02-10API" >
6
7    <uses-sdk
8        android:minSdkVersion="10"
8-->src\main\AndroidManifest.xml
9        android:targetSdkVersion="28" />
9-->src\main\AndroidManifest.xml
10
11    <uses-permission android:name="android.permission.BLUETOOTH" />
11-->src\main\AndroidManifest.xml:7:5-68
11-->src\main\AndroidManifest.xml:7:22-65
12    <uses-permission android:name="android.permission.BLUETOOTH_ADMIN" />
12-->src\main\AndroidManifest.xml:8:5-74
12-->src\main\AndroidManifest.xml:8:22-71
13    <uses-permission android:name="android.permission.FOREGROUND_SERVICE" />
13-->src\main\AndroidManifest.xml:9:5-77
13-->src\main\AndroidManifest.xml:9:22-74
14
15    <application
15-->src\main\AndroidManifest.xml:11:5-34:19
16        android:allowBackup="false"
16-->src\main\AndroidManifest.xml:15:9-36
17        android:debuggable="true"
18        android:icon="@android:drawable/stat_sys_data_bluetooth"
18-->src\main\AndroidManifest.xml:13:9-65
19        android:label="@string/app_name"
19-->src\main\AndroidManifest.xml:12:9-41
20        android:largeHeap="false"
20-->src\main\AndroidManifest.xml:14:9-34
21        android:supportsRtl="false"
21-->src\main\AndroidManifest.xml:16:9-36
22        android:testOnly="true" >
23        <service
23-->src\main\AndroidManifest.xml:18:9-21:39
24            android:name="shubham.receiver.service.NetworkingService"
24-->src\main\AndroidManifest.xml:19:13-70
25            android:enabled="true"
25-->src\main\AndroidManifest.xml:20:13-35
26            android:exported="true" />
26-->src\main\AndroidManifest.xml:21:13-36
27
28        <activity
28-->src\main\AndroidManifest.xml:23:9-32:20
29            android:name="shubham.receiver.ui.StartNetworkingServiceActivity"
29-->src\main\AndroidManifest.xml:24:13-78
30            android:configChanges="keyboard|keyboardHidden|orientation|screenSize|screenLayout|smallestScreenSize|uiMode"
30-->src\main\AndroidManifest.xml:26:13-122
31            android:launchMode="singleTop"
31-->src\main\AndroidManifest.xml:27:13-43
32            android:theme="@android:style/Theme.NoDisplay" >
32-->src\main\AndroidManifest.xml:25:13-59
33            <intent-filter>
33-->src\main\AndroidManifest.xml:28:13-31:29
34                <action android:name="android.intent.action.MAIN" />
34-->src\main\AndroidManifest.xml:29:17-69
34-->src\main\AndroidManifest.xml:29:25-66
35
36                <category android:name="android.intent.category.LAUNCHER" />
36-->src\main\AndroidManifest.xml:30:17-77
36-->src\main\AndroidManifest.xml:30:27-74
37            </intent-filter>
38        </activity>
39    </application>
40
41</manifest>